C:\USERS\BLACKSNOWZ\DOCUMENTS\VISUAL STUDIO 2012\PROJECTS\FINAL 2\FINAL 2\DEBUG\MAIN.OBJ
C:\USERS\BLACKSNOWZ\DOCUMENTS\VISUAL STUDIO 2012\PROJECTS\FINAL 2\FINAL 2\DEBUG\NODE.OBJ
C:\USERS\BLACKSNOWZ\DOCUMENTS\VISUAL STUDIO 2012\PROJECTS\FINAL 2\FINAL 2\DEBUG\TREE.OBJ
C:\USERS\BLACKSNOWZ\DOCUMENTS\VISUAL STUDIO 2012\PROJECTS\FINAL 2\FINAL 2\DEBUG\VC110.PDB
C:\USERS\BLACKSNOWZ\DOCUMENTS\VISUAL STUDIO 2012\PROJECTS\FINAL 2\DEBUG\FINAL 2.ILK
C:\USERS\BLACKSNOWZ\DOCUMENTS\VISUAL STUDIO 2012\PROJECTS\FINAL 2\DEBUG\FINAL 2.EXE
C:\USERS\BLACKSNOWZ\DOCUMENTS\VISUAL STUDIO 2012\PROJECTS\FINAL 2\DEBUG\FINAL 2.PDB
C:\Users\BlackSnowZ\Documents\Visual Studio 2012\Projects\Final 2\Final 2\Debug\Main.obj
C:\Users\BlackSnowZ\Documents\Visual Studio 2012\Projects\Final 2\Final 2\Debug\Node.obj
C:\Users\BlackSnowZ\Documents\Visual Studio 2012\Projects\Final 2\Final 2\Debug\Tree.obj
C:\Users\BlackSnowZ\Documents\Visual Studio 2012\Projects\Final 2\Final 2\Debug\cl.command.1.tlog
C:\Users\BlackSnowZ\Documents\Visual Studio 2012\Projects\Final 2\Final 2\Debug\CL.read.1.tlog
C:\Users\BlackSnowZ\Documents\Visual Studio 2012\Projects\Final 2\Final 2\Debug\CL.write.1.tlog
C:\Users\BlackSnowZ\Documents\Visual Studio 2012\Projects\Final 2\Final 2\Debug\link-cvtres.read.1.tlog
C:\Users\BlackSnowZ\Documents\Visual Studio 2012\Projects\Final 2\Final 2\Debug\link-cvtres.write.1.tlog
C:\Users\BlackSnowZ\Documents\Visual Studio 2012\Projects\Final 2\Final 2\Debug\link-rc.read.1.tlog
C:\Users\BlackSnowZ\Documents\Visual Studio 2012\Projects\Final 2\Final 2\Debug\link-rc.write.1.tlog
C:\Users\BlackSnowZ\Documents\Visual Studio 2012\Projects\Final 2\Final 2\Debug\link.command.1.tlog
C:\Users\BlackSnowZ\Documents\Visual Studio 2012\Projects\Final 2\Final 2\Debug\link.read.1.tlog
C:\Users\BlackSnowZ\Documents\Visual Studio 2012\Projects\Final 2\Final 2\Debug\link.write.1.tlog
C:\Users\BlackSnowZ\Documents\Visual Studio 2012\Projects\Final 2\Final 2\Debug\vc110.idb
C:\Users\BlackSnowZ\Documents\Visual Studio 2012\Projects\Final 2\Final 2\Debug\vc110.pdb
C:\Users\BlackSnowZ\Documents\Visual Studio 2012\Projects\Final 2\Debug\Final 2.pdb
C:\Users\BlackSnowZ\Documents\Visual Studio 2012\Projects\Final 2\Debug\Final 2.exe
C:\Users\BlackSnowZ\Documents\Visual Studio 2012\Projects\Final 2\Debug\Final 2.ilk
