Build started 7/31/2014 8:55:03 AM.
     1>Project "C:\Users\BlackSnowZ\Documents\Visual Studio 2012\Projects\Final 2\Final 2\Final 2.vcxproj" on node 2 (Rebuild target(s)).
     1>ClCompile:
         C:\Program Files\Microsoft Visual Studio 11.0\VC\bin\CL.exe /c /ZI /nologo /W3 /WX- /Od /Oy- /D WIN32 /D _DEBUG /D _CONSOLE /D _UNICODE /D UNICODE /Gm /EHsc /RTC1 /MDd /GS /fp:precise /Zc:wchar_t /Zc:forScope /Fo"Debug\\" /Fd"Debug\vc110.pdb" /Gd /TP /analyze- /errorReport:prompt Main.cpp Node.cpp Tree.cpp
         Tree.cpp
     1>c:\users\blacksnowz\documents\visual studio 2012\projects\final 2\final 2\tree.cpp(46): warning C4018: '<' : signed/unsigned mismatch
     1>c:\users\blacksnowz\documents\visual studio 2012\projects\final 2\final 2\tree.cpp(97): warning C4018: '<' : signed/unsigned mismatch
     1>c:\users\blacksnowz\documents\visual studio 2012\projects\final 2\final 2\tree.cpp(119): warning C4996: 'fopen': This function or variable may be unsafe. Consider using fopen_s instead. To disable deprecation, use _CRT_SECURE_NO_WARNINGS. See online help for details.
                 c:\program files\microsoft visual studio 11.0\vc\include\stdio.h(218) : see declaration of 'fopen'
     1>c:\users\blacksnowz\documents\visual studio 2012\projects\final 2\final 2\tree.cpp(128): warning C4244: 'argument' : conversion from 'unsigned __int64' to 'size_t', possible loss of data
     1>c:\users\blacksnowz\documents\visual studio 2012\projects\final 2\final 2\tree.cpp(129): warning C4244: 'argument' : conversion from 'unsigned __int64' to 'size_t', possible loss of data
     1>c:\users\blacksnowz\documents\visual studio 2012\projects\final 2\final 2\tree.cpp(168): warning C4996: 'fopen': This function or variable may be unsafe. Consider using fopen_s instead. To disable deprecation, use _CRT_SECURE_NO_WARNINGS. See online help for details.
                 c:\program files\microsoft visual studio 11.0\vc\include\stdio.h(218) : see declaration of 'fopen'
     1>c:\users\blacksnowz\documents\visual studio 2012\projects\final 2\final 2\tree.cpp(177): warning C4244: 'argument' : conversion from 'unsigned __int64' to 'size_t', possible loss of data
     1>c:\users\blacksnowz\documents\visual studio 2012\projects\final 2\final 2\tree.cpp(178): warning C4244: 'argument' : conversion from 'unsigned __int64' to 'size_t', possible loss of data
         Node.cpp
         Main.cpp
         Generating Code...
       Link:
         C:\Program Files\Microsoft Visual Studio 11.0\VC\bin\link.exe /ERRORREPORT:PROMPT /OUT:"C:\Users\BlackSnowZ\Documents\Visual Studio 2012\Projects\Final 2\Debug\Final 2.exe" /INCREMENTAL /NOLOGO kernel32.lib user32.lib gdi32.lib winspool.lib comdlg32.lib advapi32.lib shell32.lib ole32.lib oleaut32.lib uuid.lib odbc32.lib odbccp32.lib /MANIFEST /MANIFESTUAC:"level='asInvoker' uiAccess='false'" /manifest:embed /DEBUG /PDB:"C:\Users\BlackSnowZ\Documents\Visual Studio 2012\Projects\Final 2\Debug\Final 2.pdb" /SUBSYSTEM:CONSOLE /TLBID:1 /DYNAMICBASE /NXCOMPAT /IMPLIB:"C:\Users\BlackSnowZ\Documents\Visual Studio 2012\Projects\Final 2\Debug\Final 2.lib" /MACHINE:X86 Debug\Main.obj
         Debug\Node.obj
         Debug\Tree.obj
         Final 2.vcxproj -> C:\Users\BlackSnowZ\Documents\Visual Studio 2012\Projects\Final 2\Debug\Final 2.exe
     1>Done Building Project "C:\Users\BlackSnowZ\Documents\Visual Studio 2012\Projects\Final 2\Final 2\Final 2.vcxproj" (Rebuild target(s)).

Build succeeded.

Time Elapsed 00:00:03.71
